ProyectoCuy/app/build/intermediates/manifest_merge_blame_file/debug/manifest-merger-blame-debug-report.txt
1<?xml version="1.0" encoding="utf-8"?>
2<manifest xmlns:android="http://schemas.android.com/apk/res/android"
3    package="com.example.proyectocuy"
4    android:versionCode="1"
5    android:versionName="1.0" >
6
7    <uses-sdk
8        android:minSdkVersion="23"
8-->src\main\AndroidManifest.xml
9        android:targetSdkVersion="30" />
9-->src\main\AndroidManifest.xml
10
11    <uses-permission android:name="android.permission.INTERNET" />
11-->src\main\AndroidManifest.xml:5:5-67
11-->src\main\AndroidManifest.xml:5:22-64
12
13    <application
13-->src\main\AndroidManifest.xml:7:5-29:19
14        android:allowBackup="true"
14-->src\main\AndroidManifest.xml:8:9-35
15        android:appComponentFactory="androidx.core.app.CoreComponentFactory"
15-->[androidx.core:core:1.3.1] AndroidManifest.xml:24:18-86
16        android:debuggable="true"
17        android:extractNativeLibs="false"
18        android:icon="@mipmap/ic_launcher"
18-->src\main\AndroidManifest.xml:9:9-43
19        android:label="@string/app_name"
19-->src\main\AndroidManifest.xml:10:9-41
20        android:roundIcon="@mipmap/ic_launcher_round"
20-->src\main\AndroidManifest.xml:11:9-54
21        android:supportsRtl="true"
21-->src\main\AndroidManifest.xml:12:9-35
22        android:testOnly="true"
23        android:theme="@style/Theme.AppCompat.Light.NoActionBar" >
23-->src\main\AndroidManifest.xml:13:9-65
24        <activity android:name="com.example.proyectocuy.DistribucionRecomendado" />
24-->src\main\AndroidManifest.xml:14:9-70
24-->src\main\AndroidManifest.xml:14:19-58
25        <activity android:name="com.example.proyectocuy.Prueba" />
25-->src\main\AndroidManifest.xml:15:9-44
25-->src\main\AndroidManifest.xml:15:19-41
26        <activity android:name="com.example.proyectocuy.RegistroCuy" />
26-->src\main\AndroidManifest.xml:16:9-49
26-->src\main\AndroidManifest.xml:16:19-46
27        <activity android:name="com.example.proyectocuy.ConsultarUsuario" />
27-->src\main\AndroidManifest.xml:17:9-54
27-->src\main\AndroidManifest.xml:17:19-51
28        <activity android:name="com.example.proyectocuy.Usuario" />
28-->src\main\AndroidManifest.xml:18:9-45
28-->src\main\AndroidManifest.xml:18:19-42
29        <activity android:name="com.example.proyectocuy.ContrasenaOlvidada" />
29-->src\main\AndroidManifest.xml:19:9-56
29-->src\main\AndroidManifest.xml:19:19-53
30        <activity android:name="com.example.proyectocuy.InicioCorreo" />
30-->src\main\AndroidManifest.xml:20:9-50
30-->src\main\AndroidManifest.xml:20:19-47
31        <activity android:name="com.example.proyectocuy.Splash" >
31-->src\main\AndroidManifest.xml:21:9-27:20
31-->src\main\AndroidManifest.xml:21:19-41
32            <intent-filter>
32-->src\main\AndroidManifest.xml:22:13-26:29
33                <action android:name="android.intent.action.MAIN" />
33-->src\main\AndroidManifest.xml:23:17-69
33-->src\main\AndroidManifest.xml:23:25-66
34
35                <category android:name="android.intent.category.LAUNCHER" />
35-->src\main\AndroidManifest.xml:25:17-77
35-->src\main\AndroidManifest.xml:25:27-74
36            </intent-filter>
37        </activity>
38        <activity android:name="com.example.proyectocuy.MainActivity" />
38-->src\main\AndroidManifest.xml:28:9-50
38-->src\main\AndroidManifest.xml:28:19-47
39        <activity
39-->[com.google.android.gms:play-services-auth:18.1.0] AndroidManifest.xml:23:9-27:75
40            android:name="com.google.android.gms.auth.api.signin.internal.SignInHubActivity"
40-->[com.google.android.gms:play-services-auth:18.1.0] AndroidManifest.xml:24:13-93
41            android:excludeFromRecents="true"
41-->[com.google.android.gms:play-services-auth:18.1.0] AndroidManifest.xml:25:13-46
42            android:exported="false"
42-->[com.google.android.gms:play-services-auth:18.1.0] AndroidManifest.xml:26:13-37
43            android:theme="@android:style/Theme.Translucent.NoTitleBar" />
43-->[com.google.android.gms:play-services-auth:18.1.0] AndroidManifest.xml:27:13-72
44        <!--
45            Service handling Google Sign-In user revocation. For apps that do not integrate with
46            Google Sign-In, this service will never be started.
47        -->
48        <service
48-->[com.google.android.gms:play-services-auth:18.1.0] AndroidManifest.xml:33:9-37:51
49            android:name="com.google.android.gms.auth.api.signin.RevocationBoundService"
49-->[com.google.android.gms:play-services-auth:18.1.0] AndroidManifest.xml:34:13-89
50            android:exported="true"
50-->[com.google.android.gms:play-services-auth:18.1.0] AndroidManifest.xml:35:13-36
51            android:permission="com.google.android.gms.auth.api.signin.permission.REVOCATION_NOTIFICATION"
51-->[com.google.android.gms:play-services-auth:18.1.0] AndroidManifest.xml:36:13-107
52            android:visibleToInstantApps="true" />
52-->[com.google.android.gms:play-services-auth:18.1.0] AndroidManifest.xml:37:13-48
53
54        <activity
54-->[com.google.android.gms:play-services-base:17.1.0] AndroidManifest.xml:23:9-26:75
55            android:name="com.google.android.gms.common.api.GoogleApiActivity"
55-->[com.google.android.gms:play-services-base:17.1.0] AndroidManifest.xml:24:13-79
56            android:exported="false"
56-->[com.google.android.gms:play-services-base:17.1.0] AndroidManifest.xml:25:13-37
57            android:theme="@android:style/Theme.Translucent.NoTitleBar" />
57-->[com.google.android.gms:play-services-base:17.1.0] AndroidManifest.xml:26:13-72
58
59        <meta-data
59-->[com.google.android.gms:play-services-basement:17.1.1] AndroidManifest.xml:23:9-25:69
60            android:name="com.google.android.gms.version"
60-->[com.google.android.gms:play-services-basement:17.1.1] AndroidManifest.xml:24:13-58
61            android:value="@integer/google_play_services_version" />
61-->[com.google.android.gms:play-services-basement:17.1.1] AndroidManifest.xml:25:13-66
62    </application>
63
64</manifest>